social.are
olc.hlp
help.are
rom.are
group.are
immort.are
ofcol2.are
shire.are
midgaard.are
plains.are
haon.are
air.are
arachnos.are
astral.are
canyon.are
catacomb.are
chapel.are
daycare.are
draconia.are
dream.are
drow.are
thalos.are
dwarven.are
dylan.are
eastern.are
galaxy.are
gnome.are
grave.are
grove.are
hitower.are
hood.are
limbo.are
mahntor.are
marsh.are
mega1.are
midennir.are
mirror.are
mobfact.are
moria.are
newthalos.are
nirvana.are
ofcol.are
olympus.are
pyramid.are
quifael.are
sewer.are
redferne.are
school.are
smurf.are
tohell.are
trollden.are
valley.are
wyvern.are
towersrc.are
avalonch.are
drowcav.are
chessbrd.are
ciquala2.are
darkcave.are
midgpris.are
kender.are
lichesf.are
acastle.are
amber.are
ptowns.are
baah.are
cathedra.are
chaodwel.are
drakyri.are
$
